[0.517s] Invoking command in '/home/user/listener/my_package': PYTHONPATH=/home/user/listener/my_package/build/my_package/prefix_override:/home/user/listener/my_package/install/my_package/lib/python3.10/site-packages:${PYTHONPATH} /usr/bin/python3 setup.py egg_info --egg-base build/my_package build --build-base /home/user/listener/my_package/build/my_package/build install --record /home/user/listener/my_package/build/my_package/install.log --single-version-externally-managed
[0.690s] running egg_info
[0.690s] writing build/my_package/my_package.egg-info/PKG-INFO
[0.693s] writing dependency_links to build/my_package/my_package.egg-info/dependency_links.txt
[0.695s] writing entry points to build/my_package/my_package.egg-info/entry_points.txt
[0.697s] writing requirements to build/my_package/my_package.egg-info/requires.txt
[0.700s] writing top-level names to build/my_package/my_package.egg-info/top_level.txt
[0.703s] reading manifest file 'build/my_package/my_package.egg-info/SOURCES.txt'
[0.704s] writing manifest file 'build/my_package/my_package.egg-info/SOURCES.txt'
[0.706s] running build
[0.706s] running build_py
[0.706s] copying my_package/my_nodepub.py -> /home/user/listener/my_package/build/my_package/build/lib/my_package
[0.707s] running install
[0.707s] /usr/lib/python3/dist-packages/setuptools/command/install.py:34: SetuptoolsDeprecationWarning: setup.py install is deprecated. Use build and pip and other standards-based tools.
[0.707s]   warnings.warn(
[0.707s] running install_lib
[0.707s] copying /home/user/listener/my_package/build/my_package/build/lib/my_package/my_nodepub.py -> /home/user/listener/my_package/install/my_package/lib/python3.10/site-packages/my_package
[0.708s] byte-compiling /home/user/listener/my_package/install/my_package/lib/python3.10/site-packages/my_package/my_nodepub.py to my_nodepub.cpython-310.pyc
[0.710s] running install_data
[0.711s] running install_egg_info
[0.712s] removing '/home/user/listener/my_package/install/my_package/lib/python3.10/site-packages/my_package-0.0.0-py3.10.egg-info' (and everything under it)
[0.712s] Copying build/my_package/my_package.egg-info to /home/user/listener/my_package/install/my_package/lib/python3.10/site-packages/my_package-0.0.0-py3.10.egg-info
[0.713s] running install_scripts
[0.728s] Installing my_nodepub script to /home/user/listener/my_package/install/my_package/lib/my_package
[0.731s] writing list of installed files to '/home/user/listener/my_package/build/my_package/install.log'
[0.749s] Invoked command in '/home/user/listener/my_package' returned '0': PYTHONPATH=/home/user/listener/my_package/build/my_package/prefix_override:/home/user/listener/my_package/install/my_package/lib/python3.10/site-packages:${PYTHONPATH} /usr/bin/python3 setup.py egg_info --egg-base build/my_package build --build-base /home/user/listener/my_package/build/my_package/build install --record /home/user/listener/my_package/build/my_package/install.log --single-version-externally-managed
